Arguments: 
  E:\app install folder\前端\node.js\node.exe C:\Users\pc\AppData\Roaming\npm\node_modules\yarn\bin\yarn.js add @arco-plugins/vite-plugin-svgr -D

PATH: 
  D:\Install app folder\Jave-JDK\bin;D:\Install app folder\neo4j\neo4j-community-4.4.5\bin;D:\Install app folder\fastgithub;C:\Program Files\dotnet\;E:\install folder\vim\vim82;E:\install folder\Git\cmd;D:\Pycharm Project\DNN\venv\Scripts;C:\Windows\System32;C:\Program Files\WinRAR;D:\PyCharm 2021.3.2\bin;D:\English app-install\Microsoft VS Code;D:\pycharm\PyCharm Community Edition 2021.2.3\bin;E:\install folder\Cmder\Cmder;C:\Program Files\Microsoft Office\root\Office16;C:\Program Files\WinRAR;D:\anaconda;;D:\anaconda\Scripts;D:\anaconda\Library\bin;E:\install folder\typora;C:\Windows\System32;E:\install folder\mathtype\bin;D:\IJ Project\apache-maven-3.3.9\bin;E:\app install folder\pandoc-2.18-windows-x86_64\pandoc-2.18;E:\app install folder\前端\node.js\;C:\Program Files (x86)\MySQL\MySQL Server 5.5\bin;C:\Program Files\MongoDB\Server\3.2\bin;E:\mysql\mysql-5.7.19-winx64\bin;C:\Users\pc\AppData\Local\Microsoft\WindowsApps;D:\pycharm\PyCharm Community Edition 2021.2.3\bin;;D:\软件安装文件夹\IntelliJ IDEA Community Edition 2021.3\bin;;D:\English app-install\Microsoft VS Code\bin;D:\PyCharm 2021.3.2\bin;;C:\Windows\System32\WindowsPowerShell\v1.0;C:\Users\pc\AppData\Roaming\npm;E:\app install folder\dataGrip\DataGrip 2022.3\bin;;;E:\install folder\webStorm\WebStorm 2023.1\bin;;E:\笔记\胖前端-规划\10三大前端框架\react\项目\vite_react_blog_back\node_modules\.bin

Yarn version: 
  1.22.19

Node version: 
  16.17.0

Platform: 
  win32 x64

Trace: 
  Error: EPERM: operation not permitted, unlink 'E:\笔记\胖前端-规划\10三大前端框架\react\项目\vite_react_blog_back\node_modules\@esbuild\win32-x64\esbuild.exe'

npm manifest: 
  {
    "name": "vite_react_blog_back",
    "private": true,
    "version": "0.0.0",
    "type": "module",
    "scripts": {
      "dev": "vite",
      "build": "vite build",
      "preview": "vite preview"
    },
    "dependencies": {
      "@arco-design/web-react": "^2.44.1",
      "@babel/core": "^7.16.0",
      "@douyinfe/semi-ui": "^2.28.1",
      "@pmmmwh/react-refresh-webpack-plugin": "^0.5.3",
      "@testing-library/jest-dom": "^5.16.5",
      "@testing-library/react": "^13.4.0",
      "@testing-library/user-event": "^13.5.0",
      "antd": "^5.2.0",
      "axios": "^1.3.3",
      "babel-jest": "^27.4.2",
      "babel-loader": "^8.2.3",
      "babel-plugin-named-asset-import": "^0.3.8",
      "babel-preset-react-app": "^10.0.1",
      "bfj": "^7.0.2",
      "browserslist": "^4.18.1",
      "camelcase": "^6.2.1",
      "case-sensitive-paths-webpack-plugin": "^2.4.0",
      "css-loader": "^6.5.1",
      "css-minimizer-webpack-plugin": "^3.2.0",
      "dotenv": "^10.0.0",
      "dotenv-expand": "^5.1.0",
      "draft-js": "^0.11.7",
      "eslint": "^8.3.0",
      "eslint-config-react-app": "^7.0.1",
      "eslint-webpack-plugin": "^3.1.1",
      "file-loader": "^6.2.0",
      "fs-extra": "^10.0.0",
      "html-webpack-plugin": "^5.5.0",
      "identity-obj-proxy": "^3.0.0",
      "jest": "^27.4.3",
      "jest-resolve": "^27.4.2",
      "jest-watch-typeahead": "^1.0.0",
      "less": "^4.1.3",
      "less-loader": "^11.1.0",
      "mini-css-extract-plugin": "^2.4.5",
      "moment": "^2.29.4",
      "nanoid": "^4.0.1",
      "postcss": "^8.4.4",
      "postcss-flexbugs-fixes": "^5.0.2",
      "postcss-loader": "^6.2.1",
      "postcss-normalize": "^10.0.1",
      "postcss-preset-env": "^7.0.1",
      "prompts": "^2.4.2",
      "prop-types": "^15.8.1",
      "react": "^18.2.0",
      "react-app-polyfill": "^3.0.0",
      "react-cropper": "^2.3.2",
      "react-dev-utils": "^12.0.1",
      "react-dom": "^18.2.0",
      "react-draft-wysiwyg": "^1.15.0",
      "react-refresh": "^0.11.0",
      "react-router-dom": "^6.8.1",
      "resolve": "^1.20.0",
      "resolve-url-loader": "^4.0.0",
      "sass-loader": "^12.3.0",
      "semver": "^7.3.5",
      "source-map-loader": "^3.0.0",
      "store": "^2.0.12",
      "style-loader": "^3.3.1",
      "tailwindcss": "^3.0.2",
      "terser-webpack-plugin": "^5.2.5",
      "web-vitals": "^2.1.4",
      "webpack": "^5.64.4",
      "webpack-dev-server": "^4.6.0",
      "webpack-manifest-plugin": "^4.0.2",
      "workbox-webpack-plugin": "^6.4.1"
    },
    "devDependencies": {
      "@arco-plugins/vite-react": "^1.3.3",
      "@svgr/webpack": "^7.0.0",
      "@types/react": "^18.0.27",
      "@types/react-dom": "^18.0.10",
      "@vitejs/plugin-react": "^3.1.0",
      "vite": "^4.1.0"
    },
    "proxy": "http://localhost:5000"
  }

yarn manifest: 
  No manifest

Lockfile: 
  No lockfile
